<?xml version="1.0" encoding="UTF-8"?>
<!-- Generated by org.testng.reporters.JUnitReportReporter -->
<testsuite hostname="LAPTOP-86U82QC3" failures="0" tests="4" name="api.testcases.User_TestCase" time="7.239" errors="0" timestamp="2025-05-18T21:37:34 IST" skipped="0">
  <testcase classname="api.testcases.User_TestCase" name="testpostuser" time="2.827"/>
  <testcase classname="api.testcases.User_TestCase" name="getUserByName" time="1.549"/>
  <testcase classname="api.testcases.User_TestCase" name="UpdateUser" time="1.328"/>
  <testcase classname="api.testcases.User_TestCase" name="deleteUser" time="1.535"/>
</testsuite> <!-- api.testcases.User_TestCase -->
