<?xml version="1.0" encoding="UTF-8"?>
<!-- Generated by org.testng.reporters.JUnitReportReporter -->
<testsuite hostname="LAPTOP-86U82QC3" failures="0" tests="6" name="api.testcases.DDT" time="10.828" errors="0" timestamp="2025-05-18T17:54:48 IST" skipped="0">
  <testcase classname="api.testcases.DDT" name="postuser" time="1.532"/>
  <testcase classname="api.testcases.DDT" name="postuser" time="1.491"/>
  <testcase classname="api.testcases.DDT" name="postuser" time="2.978"/>
  <testcase classname="api.testcases.DDT" name="deletuser" time="1.433"/>
  <testcase classname="api.testcases.DDT" name="deletuser" time="1.555"/>
  <testcase classname="api.testcases.DDT" name="deletuser" time="1.839"/>
</testsuite> <!-- api.testcases.DDT -->
