<?xml version="1.0" encoding="UTF-8"?>
<!-- Generated by org.testng.reporters.JUnitReportReporter -->
<testsuite hostname="LAPTOP-86U82QC3" failures="0" tests="4" name="api.testcases.User_TestCase2" time="7.499" errors="0" timestamp="2025-05-18T21:54:42 IST" skipped="0">
  <testcase classname="api.testcases.User_TestCase2" name="testpostuser" time="3.031"/>
  <testcase classname="api.testcases.User_TestCase2" name="getUserByName" time="1.506"/>
  <testcase classname="api.testcases.User_TestCase2" name="UpdateUser" time="1.531"/>
  <testcase classname="api.testcases.User_TestCase2" name="deleteUser" time="1.431"/>
</testsuite> <!-- api.testcases.User_TestCase2 -->
